#
# An unexpected error has occurred (11)
#
Stack:
/home/marko/Xilinx/Vivado/2019.2/tps/lnx64/jre9.0.4/lib//server/libjvm.so(+0xb6aadb) [0x799cef36aadb]
/home/marko/Xilinx/Vivado/2019.2/tps/lnx64/jre9.0.4/lib//server/libjvm.so(JVM_handle_linux_signal+0xbb) [0x799cef36fe1b]
/home/marko/Xilinx/Vivado/2019.2/tps/lnx64/jre9.0.4/lib//server/libjvm.so(+0xb647b8) [0x799cef3647b8]
/usr/lib/libc.so.6(+0x3e540) [0x799d4583e540]
/home/marko/Xilinx/Vivado/2019.2/lib/lnx64.o/librdi_simbridge_kernel.so(SimBridge::CArray::empty() const+0) [0x799cf8657540]
/home/marko/Xilinx/Vivado/2019.2/lib/lnx64.o/librdi_simbridge_kernel.so(SimBridge::WdbEventBlock::addBlock(SimBridge::WdbIBlockManager&, unsigned int&) const+0x1e) [0x799cf8657c1e]
/home/marko/Xilinx/Vivado/2019.2/lib/lnx64.o/librdi_simbridge_kernel.so(SimBridge::WdbMultipleBucketEventDatabase::getEventBlockDatabaseIterator(std::vector<SimBridge::WdbScalarBTree*, std::allocator<SimBridge::WdbScalarBTree*> > const&, std::vector<boost::shared_ptr<SimBridge::WdbIEventBlockIterator>, std::allocator<boost::shared_ptr<SimBridge::WdbIEventBlockIterator> > >&, std::vector<std::vector<SimBridge::WdbScalarBTree*, std::allocator<SimBridge::WdbScalarBTree*> >, std::allocator<std::vector<SimBridge::WdbScalarBTree*, std::allocator<SimBridge::WdbScalarBTree*> > > >&) const+0x691) [0x799cf8670fd1]
/home/marko/Xilinx/Vivado/2019.2/lib/lnx64.o/librdi_simbridge_kernel.so(SimBridge::WdbAddressBTreeManager::scanWdbDatabaseMultiThread(std::vector<SimBridge::WdbScalarBTree*, std::allocator<SimBridge::WdbScalarBTree*> > const&, ISIM::IGuiStatus*)+0xc4) [0x799cf864eb74]
/home/marko/Xilinx/Vivado/2019.2/lib/lnx64.o/librdi_wavedata.so(SimBridge::DataObjMgr::createDrawingBTree(std::vector<SimBridge::IDataObj const*, std::allocator<SimBridge::IDataObj const*> > const&, ISIM::IGuiStatus*, bool)+0x32a) [0x799d0381ec1a]
/home/marko/Xilinx/Vivado/2019.2/lib/lnx64.o/librdi_wavedata.so(+0x2d8c32) [0x799d038d8c32]
/home/marko/Xilinx/Vivado/2019.2/lib/lnx64.o/librdi_wavedata.so(+0x2d8edc) [0x799d038d8edc]
/home/marko/Xilinx/Vivado/2019.2/lib/lnx64.o/librdi_wavedata.so(SG_Model::ModelImp::updateData(SG_Model::WVDataObject*, bool)+0x30f) [0x799d038d2e8f]
/home/marko/Xilinx/Vivado/2019.2/lib/lnx64.o/librdi_wavedata.so(SG_Model::ModelImp::updateData(SG_Model::WVDataObject*, bool)+0x18f) [0x799d038d2d0f]
/home/marko/Xilinx/Vivado/2019.2/lib/lnx64.o/librdi_wavedata.so(SG_Model::ModelImp::updateData()+0x96b) [0x799d038d3b7b]
/home/marko/Xilinx/Vivado/2019.2/lib/lnx64.o/librdi_wavedata.so(SG_Model::Model::read(std::__cxx11::basic_string<char, std::char_traits<char>, std::allocator<char> > const&, SG_Model::IReporter&, ISIM::IGuiStatus*)+0x20d) [0x799d038d530d]
/home/marko/Xilinx/Vivado/2019.2/lib/lnx64.o/librdi_wavedata.so(WVDAppInterface::WVDWindowManager::openWcfg(std::__cxx11::basic_string<char, std::char_traits<char>, std::allocator<char> > const&, SG_Model::IDesignManager::ConnectMode, ISIM::IGuiStatus*)+0x143) [0x799d037a2983]
/home/marko/Xilinx/Vivado/2019.2/lib/lnx64.o/librdi_wavedatatasks.so(+0xa2ad3) [0x799cb1ea2ad3]
/home/marko/Xilinx/Vivado/2019.2/lib/lnx64.o/librdi_common.so(+0x86eca2) [0x799d4706eca2]
/home/marko/Xilinx/Vivado/2019.2/lib/lnx64.o/libtcl8.5.so(+0x334af) [0x799d3f8334af]
/home/marko/Xilinx/Vivado/2019.2/lib/lnx64.o/libtcl8.5.so(Tcl_EvalObjv+0x32) [0x799d3f8335e2]
/home/marko/Xilinx/Vivado/2019.2/lib/lnx64.o/libtcl8.5.so(TclEvalObjEx+0x322) [0x799d3f835402]
/home/marko/Xilinx/Vivado/2019.2/lib/lnx64.o/librdi_common.so(hdi::tcltasks::task_manager::eval_in_tcl(Tcl_Interp*, Tcl_Obj*, char const*, bool)+0xab9) [0x799d47070ad9]
/home/marko/Xilinx/Vivado/2019.2/lib/lnx64.o/librdi_simtcltasks.so(+0x13af82) [0x799cb233af82]
/home/marko/Xilinx/Vivado/2019.2/lib/lnx64.o/librdi_common.so(+0x86eca2) [0x799d4706eca2]
/home/marko/Xilinx/Vivado/2019.2/lib/lnx64.o/libtcl8.5.so(+0x334af) [0x799d3f8334af]
/home/marko/Xilinx/Vivado/2019.2/lib/lnx64.o/libtcl8.5.so(+0x34b38) [0x799d3f834b38]
/home/marko/Xilinx/Vivado/2019.2/lib/lnx64.o/libtcl8.5.so(Tcl_EvalEx+0x13) [0x799d3f8350a3]
/home/marko/Xilinx/Vivado/2019.2/lib/lnx64.o/libtcl8.5.so(TclEvalObjEx+0x1e0) [0x799d3f8352c0]
/home/marko/Xilinx/Vivado/2019.2/lib/lnx64.o/libtcl8.5.so(+0x3b375) [0x799d3f83b375]
/home/marko/Xilinx/Vivado/2019.2/lib/lnx64.o/libtcl8.5.so(+0x334af) [0x799d3f8334af]
/home/marko/Xilinx/Vivado/2019.2/lib/lnx64.o/libtcl8.5.so(+0x76875) [0x799d3f876875]
/home/marko/Xilinx/Vivado/2019.2/lib/lnx64.o/libtcl8.5.so(+0x7e029) [0x799d3f87e029]
/home/marko/Xilinx/Vivado/2019.2/lib/lnx64.o/libtcl8.5.so(TclEvalObjEx+0x76) [0x799d3f835156]
/home/marko/Xilinx/Vivado/2019.2/lib/lnx64.o/librdi_commontasks.so(+0x294bf4) [0x799d38694bf4]
/home/marko/Xilinx/Vivado/2019.2/lib/lnx64.o/libtcl8.5.so(+0x334af) [0x799d3f8334af]
/home/marko/Xilinx/Vivado/2019.2/lib/lnx64.o/libtcl8.5.so(+0x76875) [0x799d3f876875]
/home/marko/Xilinx/Vivado/2019.2/lib/lnx64.o/libtcl8.5.so(TclObjInterpProcCore+0x420) [0x799d3f8b7df0]
/home/marko/Xilinx/Vivado/2019.2/lib/lnx64.o/libtcl8.5.so(+0x334af) [0x799d3f8334af]
/home/marko/Xilinx/Vivado/2019.2/lib/lnx64.o/libtcl8.5.so(Tcl_EvalObjv+0x32) [0x799d3f8335e2]
/home/marko/Xilinx/Vivado/2019.2/lib/lnx64.o/libtcl8.5.so(TclEvalObjEx+0x322) [0x799d3f835402]
/home/marko/Xilinx/Vivado/2019.2/lib/lnx64.o/librdi_tcltasks.so(SimUtils::detail::execStep(Tcl_Interp*, std::__cxx11::basic_ostringstream<char, std::char_traits<char>, std::allocator<char> >&, std::__cxx11::basic_string<char, std::char_traits<char>, std::allocator<char> > const&, std::__cxx11::basic_string<char, std::char_traits<char>, std::allocator<char> > const&, std::__cxx11::basic_string<char, std::char_traits<char>, std::allocator<char> >&, bool&)+0x1fe) [0x799d35e82fde]
/home/marko/Xilinx/Vivado/2019.2/lib/lnx64.o/librdi_tcltasks.so(SimUtils::detail::execSimStep(Tcl_Interp*, std::__cxx11::basic_ostringstream<char, std::char_traits<char>, std::allocator<char> >&, HAPUFSimulator*, HAPUFSimulator::TclProc, std::__cxx11::basic_string<char, std::char_traits<char>, std::allocator<char> > const&, bool, HADAFileSet*, std::__cxx11::basic_string<char, std::char_traits<char>, std::allocator<char> > const&, HAPUFSimulator::SimulationStep, bool, HDGUIStatus*)+0x75) [0x799d35e832f5]
/home/marko/Xilinx/Vivado/2019.2/lib/lnx64.o/librdi_tcltasks.so(HTCSimUtils::executeStep(Tcl_Interp*, HADAFileSet*, HADAFileSet*, HAPUFSimulator*, HDGUIStatus*, std::__cxx11::basic_string<char, std::char_traits<char>, std::allocator<char> > const&, std::__cxx11::basic_string<char, std::char_traits<char>, std::allocator<char> > const&, std::__cxx11::basic_string<char, std::char_traits<char>, std::allocator<char> > const&, bool, bool, bool, std::__cxx11::basic_ostringstream<char, std::char_traits<char>, std::allocator<char> >&)+0x4b7) [0x799d35e83957]
/home/marko/Xilinx/Vivado/2019.2/lib/lnx64.o/librdi_tcltasks.so(+0x182d0c6) [0x799d35e2d0c6]
/home/marko/Xilinx/Vivado/2019.2/lib/lnx64.o/librdi_common.so(+0x86eca2) [0x799d4706eca2]
/home/marko/Xilinx/Vivado/2019.2/lib/lnx64.o/libtcl8.5.so(+0x334af) [0x799d3f8334af]
/home/marko/Xilinx/Vivado/2019.2/lib/lnx64.o/libtcl8.5.so(+0x76875) [0x799d3f876875]
/home/marko/Xilinx/Vivado/2019.2/lib/lnx64.o/libtcl8.5.so(+0x7e029) [0x799d3f87e029]
/home/marko/Xilinx/Vivado/2019.2/lib/lnx64.o/libtcl8.5.so(TclEvalObjEx+0x76) [0x799d3f835156]
/home/marko/Xilinx/Vivado/2019.2/lib/lnx64.o/librdi_common.so(+0x86d1b1) [0x799d4706d1b1]
/home/marko/Xilinx/Vivado/2019.2/lib/lnx64.o/libtcl8.5.so(Tcl_ServiceEvent+0x7f) [0x799d3f8a7b0f]
/home/marko/Xilinx/Vivado/2019.2/lib/lnx64.o/libtcl8.5.so(Tcl_DoOneEvent+0x154) [0x799d3f8a7e44]
/home/marko/Xilinx/Vivado/2019.2/lib/lnx64.o/librdi_commontasks.so(+0x2da555) [0x799d386da555]
/home/marko/Xilinx/Vivado/2019.2/lib/lnx64.o/librdi_commontasks.so(+0x2df101) [0x799d386df101]
/home/marko/Xilinx/Vivado/2019.2/lib/lnx64.o/librdi_commontasks.so(+0x2e011e) [0x799d386e011e]
/home/marko/Xilinx/Vivado/2019.2/lib/lnx64.o/librdi_common.so(+0x86eca2) [0x799d4706eca2]
/home/marko/Xilinx/Vivado/2019.2/lib/lnx64.o/libtcl8.5.so(+0x334af) [0x799d3f8334af]
/home/marko/Xilinx/Vivado/2019.2/lib/lnx64.o/libtcl8.5.so(+0x76875) [0x799d3f876875]
/home/marko/Xilinx/Vivado/2019.2/lib/lnx64.o/libtcl8.5.so(+0x7e029) [0x799d3f87e029]
/home/marko/Xilinx/Vivado/2019.2/lib/lnx64.o/libtcl8.5.so(TclEvalObjEx+0x76) [0x799d3f835156]
/home/marko/Xilinx/Vivado/2019.2/lib/lnx64.o/librdi_commonmain.so(+0x7af3) [0x799d46407af3]
/home/marko/Xilinx/Vivado/2019.2/lib/lnx64.o/libtcl8.5.so(Tcl_Main+0x1d0) [0x799d3f8a0210]
/home/marko/Xilinx/Vivado/2019.2/lib/lnx64.o/librdi_common.so(+0x8b30cb) [0x799d470b30cb]
/usr/lib/libc.so.6(+0x969cb) [0x799d458969cb]
/usr/lib/libc.so.6(+0x11aa0c) [0x799d4591aa0c]
