#
# An unexpected error has occurred (11)
#
Stack:
/home/marko/Xilinx/Vivado/2019.2/tps/lnx64/jre9.0.4/lib//server/libjvm.so(+0xb6aadb) [0x7dbaaa56aadb]
/home/marko/Xilinx/Vivado/2019.2/tps/lnx64/jre9.0.4/lib//server/libjvm.so(JVM_handle_linux_signal+0xbb) [0x7dbaaa56fe1b]
/home/marko/Xilinx/Vivado/2019.2/tps/lnx64/jre9.0.4/lib//server/libjvm.so(+0xb647b8) [0x7dbaaa5647b8]
/usr/lib/libc.so.6(+0x3e540) [0x7dbb00a3e540]
/home/marko/Xilinx/Vivado/2019.2/lib/lnx64.o/librdi_simbridge_kernel.so(SimBridge::CArray::empty() const+0) [0x7dbab3857540]
/home/marko/Xilinx/Vivado/2019.2/lib/lnx64.o/librdi_simbridge_kernel.so(SimBridge::WdbEventBlock::addBlock(SimBridge::WdbIBlockManager&, unsigned int&) const+0x1e) [0x7dbab3857c1e]
/home/marko/Xilinx/Vivado/2019.2/lib/lnx64.o/librdi_simbridge_kernel.so(SimBridge::WdbMultipleBucketEventDatabase::getEventBlockDatabaseIterator(std::vector<SimBridge::WdbScalarBTree*, std::allocator<SimBridge::WdbScalarBTree*> > const&, std::vector<boost::shared_ptr<SimBridge::WdbIEventBlockIterator>, std::allocator<boost::shared_ptr<SimBridge::WdbIEventBlockIterator> > >&, std::vector<std::vector<SimBridge::WdbScalarBTree*, std::allocator<SimBridge::WdbScalarBTree*> >, std::allocator<std::vector<SimBridge::WdbScalarBTree*, std::allocator<SimBridge::WdbScalarBTree*> > > >&) const+0x691) [0x7dbab3870fd1]
/home/marko/Xilinx/Vivado/2019.2/lib/lnx64.o/librdi_simbridge_kernel.so(SimBridge::WdbAddressBTreeManager::scanWdbDatabaseMultiThread(std::vector<SimBridge::WdbScalarBTree*, std::allocator<SimBridge::WdbScalarBTree*> > const&, ISIM::IGuiStatus*)+0xc4) [0x7dbab384eb74]
/home/marko/Xilinx/Vivado/2019.2/lib/lnx64.o/librdi_wavedata.so(SimBridge::DataObjMgr::createDrawingBTree(std::vector<SimBridge::IDataObj const*, std::allocator<SimBridge::IDataObj const*> > const&, ISIM::IGuiStatus*, bool)+0x32a) [0x7dbabea1ec1a]
/home/marko/Xilinx/Vivado/2019.2/lib/lnx64.o/librdi_wavedata.so(+0x2d8c32) [0x7dbabead8c32]
/home/marko/Xilinx/Vivado/2019.2/lib/lnx64.o/librdi_wavedata.so(+0x2d8edc) [0x7dbabead8edc]
/home/marko/Xilinx/Vivado/2019.2/lib/lnx64.o/librdi_wavedata.so(SG_Model::ModelImp::updateData(SG_Model::WVDataObject*, bool)+0x30f) [0x7dbabead2e8f]
/home/marko/Xilinx/Vivado/2019.2/lib/lnx64.o/librdi_wavedata.so(SG_Model::ModelImp::updateData(SG_Model::WVDataObject*, bool)+0x18f) [0x7dbabead2d0f]
/home/marko/Xilinx/Vivado/2019.2/lib/lnx64.o/librdi_wavedata.so(SG_Model::ModelImp::updateData()+0x96b) [0x7dbabead3b7b]
/home/marko/Xilinx/Vivado/2019.2/lib/lnx64.o/librdi_wavedata.so(SG_Model::Model::read(std::__cxx11::basic_string<char, std::char_traits<char>, std::allocator<char> > const&, SG_Model::IReporter&, ISIM::IGuiStatus*)+0x20d) [0x7dbabead530d]
/home/marko/Xilinx/Vivado/2019.2/lib/lnx64.o/librdi_wavedata.so(WVDAppInterface::WVDWindowManager::openWcfg(std::__cxx11::basic_string<char, std::char_traits<char>, std::allocator<char> > const&, SG_Model::IDesignManager::ConnectMode, ISIM::IGuiStatus*)+0x143) [0x7dbabe9a2983]
/home/marko/Xilinx/Vivado/2019.2/lib/lnx64.o/librdi_wavedatatasks.so(+0xa2ad3) [0x7dba6fea2ad3]
/home/marko/Xilinx/Vivado/2019.2/lib/lnx64.o/librdi_common.so(+0x86eca2) [0x7dbb0226eca2]
/home/marko/Xilinx/Vivado/2019.2/lib/lnx64.o/libtcl8.5.so(+0x334af) [0x7dbafaa334af]
/home/marko/Xilinx/Vivado/2019.2/lib/lnx64.o/libtcl8.5.so(Tcl_EvalObjv+0x32) [0x7dbafaa335e2]
/home/marko/Xilinx/Vivado/2019.2/lib/lnx64.o/libtcl8.5.so(TclEvalObjEx+0x322) [0x7dbafaa35402]
/home/marko/Xilinx/Vivado/2019.2/lib/lnx64.o/librdi_common.so(hdi::tcltasks::task_manager::eval_in_tcl(Tcl_Interp*, Tcl_Obj*, char const*, bool)+0xab9) [0x7dbb02270ad9]
/home/marko/Xilinx/Vivado/2019.2/lib/lnx64.o/librdi_simtcltasks.so(+0x13af82) [0x7dba7393af82]
/home/marko/Xilinx/Vivado/2019.2/lib/lnx64.o/librdi_common.so(+0x86eca2) [0x7dbb0226eca2]
/home/marko/Xilinx/Vivado/2019.2/lib/lnx64.o/libtcl8.5.so(+0x334af) [0x7dbafaa334af]
/home/marko/Xilinx/Vivado/2019.2/lib/lnx64.o/libtcl8.5.so(+0x34b38) [0x7dbafaa34b38]
/home/marko/Xilinx/Vivado/2019.2/lib/lnx64.o/libtcl8.5.so(Tcl_EvalEx+0x13) [0x7dbafaa350a3]
/home/marko/Xilinx/Vivado/2019.2/lib/lnx64.o/libtcl8.5.so(TclEvalObjEx+0x1e0) [0x7dbafaa352c0]
/home/marko/Xilinx/Vivado/2019.2/lib/lnx64.o/libtcl8.5.so(+0x3b375) [0x7dbafaa3b375]
/home/marko/Xilinx/Vivado/2019.2/lib/lnx64.o/libtcl8.5.so(+0x334af) [0x7dbafaa334af]
/home/marko/Xilinx/Vivado/2019.2/lib/lnx64.o/libtcl8.5.so(+0x76875) [0x7dbafaa76875]
/home/marko/Xilinx/Vivado/2019.2/lib/lnx64.o/libtcl8.5.so(+0x7e029) [0x7dbafaa7e029]
/home/marko/Xilinx/Vivado/2019.2/lib/lnx64.o/libtcl8.5.so(TclEvalObjEx+0x76) [0x7dbafaa35156]
/home/marko/Xilinx/Vivado/2019.2/lib/lnx64.o/librdi_commontasks.so(+0x294bf4) [0x7dbaf3894bf4]
/home/marko/Xilinx/Vivado/2019.2/lib/lnx64.o/libtcl8.5.so(+0x334af) [0x7dbafaa334af]
/home/marko/Xilinx/Vivado/2019.2/lib/lnx64.o/libtcl8.5.so(+0x76875) [0x7dbafaa76875]
/home/marko/Xilinx/Vivado/2019.2/lib/lnx64.o/libtcl8.5.so(TclObjInterpProcCore+0x420) [0x7dbafaab7df0]
/home/marko/Xilinx/Vivado/2019.2/lib/lnx64.o/libtcl8.5.so(+0x334af) [0x7dbafaa334af]
/home/marko/Xilinx/Vivado/2019.2/lib/lnx64.o/libtcl8.5.so(Tcl_EvalObjv+0x32) [0x7dbafaa335e2]
/home/marko/Xilinx/Vivado/2019.2/lib/lnx64.o/libtcl8.5.so(TclEvalObjEx+0x322) [0x7dbafaa35402]
/home/marko/Xilinx/Vivado/2019.2/lib/lnx64.o/librdi_tcltasks.so(SimUtils::detail::execStep(Tcl_Interp*, std::__cxx11::basic_ostringstream<char, std::char_traits<char>, std::allocator<char> >&, std::__cxx11::basic_string<char, std::char_traits<char>, std::allocator<char> > const&, std::__cxx11::basic_string<char, std::char_traits<char>, std::allocator<char> > const&, std::__cxx11::basic_string<char, std::char_traits<char>, std::allocator<char> >&, bool&)+0x1fe) [0x7dbaf1082fde]
/home/marko/Xilinx/Vivado/2019.2/lib/lnx64.o/librdi_tcltasks.so(SimUtils::detail::execSimStep(Tcl_Interp*, std::__cxx11::basic_ostringstream<char, std::char_traits<char>, std::allocator<char> >&, HAPUFSimulator*, HAPUFSimulator::TclProc, std::__cxx11::basic_string<char, std::char_traits<char>, std::allocator<char> > const&, bool, HADAFileSet*, std::__cxx11::basic_string<char, std::char_traits<char>, std::allocator<char> > const&, HAPUFSimulator::SimulationStep, bool, HDGUIStatus*)+0x75) [0x7dbaf10832f5]
/home/marko/Xilinx/Vivado/2019.2/lib/lnx64.o/librdi_tcltasks.so(HTCSimUtils::executeStep(Tcl_Interp*, HADAFileSet*, HADAFileSet*, HAPUFSimulator*, HDGUIStatus*, std::__cxx11::basic_string<char, std::char_traits<char>, std::allocator<char> > const&, std::__cxx11::basic_string<char, std::char_traits<char>, std::allocator<char> > const&, std::__cxx11::basic_string<char, std::char_traits<char>, std::allocator<char> > const&, bool, bool, bool, std::__cxx11::basic_ostringstream<char, std::char_traits<char>, std::allocator<char> >&)+0x4b7) [0x7dbaf1083957]
/home/marko/Xilinx/Vivado/2019.2/lib/lnx64.o/librdi_tcltasks.so(+0x182d0c6) [0x7dbaf102d0c6]
/home/marko/Xilinx/Vivado/2019.2/lib/lnx64.o/librdi_common.so(+0x86eca2) [0x7dbb0226eca2]
/home/marko/Xilinx/Vivado/2019.2/lib/lnx64.o/libtcl8.5.so(+0x334af) [0x7dbafaa334af]
/home/marko/Xilinx/Vivado/2019.2/lib/lnx64.o/libtcl8.5.so(+0x76875) [0x7dbafaa76875]
/home/marko/Xilinx/Vivado/2019.2/lib/lnx64.o/libtcl8.5.so(+0x7e029) [0x7dbafaa7e029]
/home/marko/Xilinx/Vivado/2019.2/lib/lnx64.o/libtcl8.5.so(TclEvalObjEx+0x76) [0x7dbafaa35156]
/home/marko/Xilinx/Vivado/2019.2/lib/lnx64.o/librdi_common.so(+0x86d1b1) [0x7dbb0226d1b1]
/home/marko/Xilinx/Vivado/2019.2/lib/lnx64.o/libtcl8.5.so(Tcl_ServiceEvent+0x7f) [0x7dbafaaa7b0f]
/home/marko/Xilinx/Vivado/2019.2/lib/lnx64.o/libtcl8.5.so(Tcl_DoOneEvent+0x154) [0x7dbafaaa7e44]
/home/marko/Xilinx/Vivado/2019.2/lib/lnx64.o/librdi_commontasks.so(+0x2da555) [0x7dbaf38da555]
/home/marko/Xilinx/Vivado/2019.2/lib/lnx64.o/librdi_commontasks.so(+0x2df101) [0x7dbaf38df101]
/home/marko/Xilinx/Vivado/2019.2/lib/lnx64.o/librdi_commontasks.so(+0x2e011e) [0x7dbaf38e011e]
/home/marko/Xilinx/Vivado/2019.2/lib/lnx64.o/librdi_common.so(+0x86eca2) [0x7dbb0226eca2]
/home/marko/Xilinx/Vivado/2019.2/lib/lnx64.o/libtcl8.5.so(+0x334af) [0x7dbafaa334af]
/home/marko/Xilinx/Vivado/2019.2/lib/lnx64.o/libtcl8.5.so(+0x76875) [0x7dbafaa76875]
/home/marko/Xilinx/Vivado/2019.2/lib/lnx64.o/libtcl8.5.so(+0x7e029) [0x7dbafaa7e029]
/home/marko/Xilinx/Vivado/2019.2/lib/lnx64.o/libtcl8.5.so(TclEvalObjEx+0x76) [0x7dbafaa35156]
/home/marko/Xilinx/Vivado/2019.2/lib/lnx64.o/librdi_commonmain.so(+0x7af3) [0x7dbb01607af3]
/home/marko/Xilinx/Vivado/2019.2/lib/lnx64.o/libtcl8.5.so(Tcl_Main+0x1d0) [0x7dbafaaa0210]
/home/marko/Xilinx/Vivado/2019.2/lib/lnx64.o/librdi_common.so(+0x8b30cb) [0x7dbb022b30cb]
/usr/lib/libc.so.6(+0x969cb) [0x7dbb00a969cb]
/usr/lib/libc.so.6(+0x11aa0c) [0x7dbb00b1aa0c]
